000000000 
000000000 
000000000 
000000000 
000000000 
000000000 
000000000 
000000000 
000000000 

000000000 
000000000 
000000000 
000000000 
000000000 
000000000 
000000000 
000000000 
000000000 

0 00 0
000000000 
000000000 
000000000 
000000000 
000000000 
000000000 
000000000 
000000000 
000000000 

1 00 0
000000000 
000000000 
000000000 
000000000 
000000000 
000000000 
000000000 
000000000 
000000000 

2 00 0
000000000 
000000000 
000000000 
000000000 
000000000 
000000000 
000000000 
000000000 
000000000 

3 00 0
000000000 
000000000 
000000000 
000000000 
000000000 
000000000 
000000000 
000000000 
000000000 

4 00 0
000000000 
000000000 
000000000 
000000000 
000000000 
000000000 
000000000 
000000000 
000000000 

5 00 0
000000000 
000000000 
000000000 
000000000 
000000000 
000000000 
000000000 
000000000 
000000000 

6 00 0
000000000 
000000000 
000000000 
000000000 
000000000 
000000000 
000000000 
000000000 
000000000 

7 00 0
000000000 
000000000 
000000000 
000000000 
000000000 
000000000 
000000000 
000000000 
000000000 

8 00 0
000000000 
000000000 
000000000 
000000000 
000000000 
000000000 
000000000 
000000000 
000000000 

8 10 0
000000000 
000000000 
000000000 
000000000 
000000000 
000000000 
000000000 
000000000 
000000000 

8 20 0
000000000 
000000000 
000000000 
000000000 
000000000 
000000000 
000000000 
000000000 
000000000 

8 30 0
000000000 
000000000 
000000000 
000000000 
000000000 
000000000 
000000000 
000000000 
000000000 

8 40 0
000000000 
000000000 
000000000 
000000000 
000000000 
000000000 
000000000 
000000000 
000000000 

8 50 0
000000000 
000000000 
000000000 
000000000 
000000000 
000000000 
000000000 
000000000 
000000000 

8 60 0
000000000 
000000000 
000000000 
000000000 
000000000 
000000000 
000000000 
000000000 
000000000 

8 70 0
000000000 
000000000 
000000000 
000000000 
000000000 
000000000 
000000000 
000000000 
000000000 

8 80 0
